Test025,Exception :java.lang.AssertionError
Test029,Exception :java.lang.AssertionError
Test001,Parameter length is :0
Test0031,Exception:java.lang.AssertionError
Test016,Exception :java.lang.AssertionError
Test015,Exception :java.lang.AssertionError
Test003,object size is :0
Test006,Exception :org.junit.ComparisonFailure
Test018,Exception :java.lang.AssertionError
Test017,Exception :java.lang.AssertionError
Test007,param length is :1
Test021,Exception :java.lang.AssertionError
Test020,Exception :java.lang.AssertionError
Test026,Exception :java.lang.AssertionError
Test011,Exception :java.lang.AssertionError
Test013,Exception :java.lang.AssertionError
Test005,param length is :2
Test008,Exception :java.lang.AssertionError
Test024,Exception :java.lang.AssertionError
Test004,Exception :org.junit.ComparisonFailure
Test027,Exception :java.lang.AssertionError
Test014,Exception :java.lang.AssertionError
Test019,Exception :java.lang.AssertionError
Test002,Exception :java.lang.AssertionError
Test023,Exception :java.lang.AssertionError
Test022,Exception :java.lang.AssertionError
Test010,Exception :java.lang.AssertionError
Test030,Exception :java.lang.AssertionError
Test028,Exception :java.lang.AssertionError
Test009,object size is :1
Test012,Exception :java.lang.AssertionError
Test032,Exception:IndexOutofBounds